RUN	20140714113222	basicexamplesimulation	basicexamplesimulation
REQUEST	Scenario name	0	Login	request_1	1405351943900	1405351943900	1405351944111	1405351944111	OK	 
REQUEST	Scenario name	0	Login	request_2	1405351944160	1405351944160	1405351944216	1405351944216	OK	 
REQUEST	Scenario name	1	Login	request_1	1405351948906	1405351948906	1405351949004	1405351949004	OK	 
REQUEST	Scenario name	1	Login	request_2	1405351949107	1405351949107	1405351949161	1405351949161	OK	 
REQUEST	Scenario name	2	Login	request_1	1405351953906	1405351953906	1405351954092	1405351954092	OK	 
REQUEST	Scenario name	2	Login	request_2	1405351954207	1405351954207	1405351954426	1405351954426	OK	 
REQUEST	Scenario name	0	Login	request_3	1405351956922	1405351956922	1405351956978	1405351956978	OK	 
GROUP	Scenario name	0	Login	1405351943885	1405351956979	OK
REQUEST	Scenario name	0		request_4	1405351957058	1405351957058	1405351957136	1405351957136	OK	 
REQUEST	Scenario name	1	Login	request_3	1405351962007	1405351962007	1405351962065	1405351962065	OK	 
GROUP	Scenario name	1	Login	1405351948905	1405351962066	OK
REQUEST	Scenario name	1		request_4	1405351962068	1405351962068	1405351962137	1405351962137	OK	 
REQUEST	Scenario name	0		request_5	1405351964208	1405351964208	1405351964326	1405351964326	OK	 
REQUEST	Scenario name	0		request_6	1405351964457	1405351964457	1405351964524	1405351964525	OK	 
REQUEST	Scenario name	2	Login	request_3	1405351966558	1405351966558	1405351966653	1405351966653	OK	 
GROUP	Scenario name	2	Login	1405351953905	1405351966654	OK
REQUEST	Scenario name	2		request_4	1405351966707	1405351966707	1405351966775	1405351966775	OK	 
REQUEST	Scenario name	0		request_7	1405351969456	1405351969456	1405351969599	1405351969599	OK	 
REQUEST	Scenario name	1		request_5	1405351969607	1405351969607	1405351969762	1405351969762	OK	 
REQUEST	Scenario name	0		request_8	1405351969707	1405351969707	1405351969775	1405351969775	OK	 
REQUEST	Scenario name	1		request_6	1405351969906	1405351969906	1405351969972	1405351969972	OK	 
REQUEST	Scenario name	2		request_5	1405351973806	1405351973806	1405351973920	1405351973920	OK	 
REQUEST	Scenario name	2		request_6	1405351974055	1405351974055	1405351974124	1405351974124	OK	 
REQUEST	Scenario name	1		request_7	1405351974756	1405351974756	1405351974898	1405351974898	OK	 
REQUEST	Scenario name	1		request_8	1405351975057	1405351975057	1405351975122	1405351975122	OK	 
REQUEST	Scenario name	0		request_4	1405351975913	1405351975913	1405351975982	1405351975982	OK	 
REQUEST	Scenario name	2		request_7	1405351978956	1405351978956	1405351979062	1405351979062	OK	 
REQUEST	Scenario name	2		request_8	1405351979206	1405351979206	1405351979271	1405351979271	OK	 
REQUEST	Scenario name	1		request_4	1405351981506	1405351981506	1405351981577	1405351981577	OK	 
REQUEST	Scenario name	0		request_5	1405351983755	1405351983755	1405351983867	1405351983867	OK	 
REQUEST	Scenario name	0		request_6	1405351983955	1405351983955	1405351984021	1405351984021	OK	 
REQUEST	Scenario name	2		request_4	1405351985757	1405351985757	1405351985826	1405351985826	OK	 
REQUEST	Scenario name	0		request_7	1405351988506	1405351988506	1405351988617	1405351988617	OK	 
REQUEST	Scenario name	0		request_8	1405351988809	1405351988809	1405351988924	1405351988924	OK	 
REQUEST	Scenario name	1		request_5	1405351989406	1405351989406	1405351989518	1405351989518	OK	 
REQUEST	Scenario name	1		request_6	1405351989606	1405351989606	1405351989710	1405351989710	OK	 
REQUEST	Scenario name	2		request_5	1405351993106	1405351993106	1405351993218	1405351993218	OK	 
REQUEST	Scenario name	2		request_6	1405351993306	1405351993306	1405351993374	1405351993374	OK	 
REQUEST	Scenario name	1		request_7	1405351994106	1405351994106	1405351994213	1405351994213	OK	 
REQUEST	Scenario name	1		request_8	1405351994306	1405351994306	1405351994373	1405351994373	OK	 
REQUEST	Scenario name	0		request_4	1405351995156	1405351995156	1405351995274	1405351995274	OK	 
REQUEST	Scenario name	2		request_7	1405351998006	1405351998006	1405351998111	1405351998111	OK	 
REQUEST	Scenario name	2		request_8	1405351998205	1405351998205	1405351998273	1405351998273	OK	 
REQUEST	Scenario name	1		request_4	1405352001206	1405352001206	1405352001277	1405352001277	OK	 
REQUEST	Scenario name	0		request_5	1405352002256	1405352002256	1405352002368	1405352002368	OK	 
REQUEST	Scenario name	0		request_6	1405352002507	1405352002507	1405352002573	1405352002573	OK	 
REQUEST	Scenario name	2		request_4	1405352004656	1405352004656	1405352004726	1405352004726	OK	 
REQUEST	Scenario name	0		request_7	1405352007156	1405352007156	1405352007261	1405352007261	OK	 
REQUEST	Scenario name	0		request_8	1405352007406	1405352007406	1405352007475	1405352007475	OK	 
REQUEST	Scenario name	1		request_5	1405352008456	1405352008456	1405352008584	1405352008584	OK	 
REQUEST	Scenario name	1		request_6	1405352008706	1405352008706	1405352008770	1405352008770	OK	 
REQUEST	Scenario name	2		request_5	1405352011956	1405352011956	1405352012070	1405352012070	OK	 
REQUEST	Scenario name	2		request_6	1405352012206	1405352012206	1405352012276	1405352012276	OK	 
REQUEST	Scenario name	1		request_7	1405352013587	1405352013587	1405352013688	1405352013688	OK	 
REQUEST	Scenario name	1		request_8	1405352013806	1405352013806	1405352013870	1405352013871	OK	 
REQUEST	Scenario name	0		request_4	1405352013856	1405352013856	1405352013921	1405352013921	OK	 
REQUEST	Scenario name	2		request_7	1405352016707	1405352016707	1405352016811	1405352016811	OK	 
REQUEST	Scenario name	2		request_8	1405352017006	1405352017006	1405352017073	1405352017074	OK	 
REQUEST	Scenario name	1		request_4	1405352020155	1405352020155	1405352020224	1405352020224	OK	 
REQUEST	Scenario name	0		request_5	1405352021607	1405352021607	1405352021725	1405352021725	OK	 
REQUEST	Scenario name	0		request_6	1405352021805	1405352021805	1405352021872	1405352021872	OK	 
REQUEST	Scenario name	2		request_4	1405352023357	1405352023357	1405352023465	1405352023465	OK	 
REQUEST	Scenario name	0		request_7	1405352026405	1405352026405	1405352026549	1405352026549	OK	 
REQUEST	Scenario name	0		request_8	1405352026656	1405352026656	1405352026727	1405352026727	OK	 
REQUEST	Scenario name	1		request_5	1405352027606	1405352027606	1405352027754	1405352027754	OK	 
REQUEST	Scenario name	1		request_6	1405352027955	1405352027955	1405352028021	1405352028022	OK	 
REQUEST	Scenario name	2		request_5	1405352031455	1405352031455	1405352031606	1405352031606	OK	 
REQUEST	Scenario name	2		request_6	1405352031806	1405352031806	1405352031876	1405352031877	OK	 
REQUEST	Scenario name	1		request_7	1405352032456	1405352032456	1405352032565	1405352032565	OK	 
REQUEST	Scenario name	1		request_8	1405352032655	1405352032655	1405352032874	1405352032875	OK	 
REQUEST	Scenario name	0		request_4	1405352033105	1405352033105	1405352033343	1405352033343	OK	 
REQUEST	Scenario name	2		request_7	1405352036257	1405352036257	1405352036357	1405352036357	OK	 
REQUEST	Scenario name	2		request_8	1405352036506	1405352036506	1405352036574	1405352036574	OK	 
REQUEST	Scenario name	1		request_4	1405352039057	1405352039057	1405352039125	1405352039125	OK	 
REQUEST	Scenario name	0		request_5	1405352040607	1405352040607	1405352040719	1405352040719	OK	 
REQUEST	Scenario name	0		request_6	1405352040906	1405352040906	1405352040973	1405352040973	OK	 
REQUEST	Scenario name	2		request_4	1405352042706	1405352042706	1405352042773	1405352042773	OK	 
REQUEST	Scenario name	0		request_7	1405352045705	1405352045705	1405352045813	1405352045813	OK	 
REQUEST	Scenario name	1		request_5	1405352046155	1405352046155	1405352046269	1405352046269	OK	 
REQUEST	Scenario name	0		request_8	1405352045956	1405352045956	1405352046270	1405352046270	OK	 
REQUEST	Scenario name	1		request_6	1405352046406	1405352046406	1405352046472	1405352046472	OK	 
REQUEST	Scenario name	2		request_5	1405352050656	1405352050656	1405352050767	1405352050767	OK	 
REQUEST	Scenario name	2		request_6	1405352050905	1405352050905	1405352050974	1405352050974	OK	 
REQUEST	Scenario name	1		request_7	1405352051406	1405352051406	1405352051503	1405352051503	OK	 
REQUEST	Scenario name	1		request_8	1405352051656	1405352051656	1405352051722	1405352051722	OK	 
REQUEST	Scenario name	0		request_9	1405352052406	1405352052406	1405352052453	1405352052453	OK	 
REQUEST	Scenario name	0		request_10	1405352052506	1405352052506	1405352052558	1405352052558	OK	 
SCENARIO	Scenario name	0	1405351943882	1405352052559
REQUEST	Scenario name	2		request_7	1405352055056	1405352055056	1405352055156	1405352055156	OK	 
REQUEST	Scenario name	2		request_8	1405352055306	1405352055306	1405352055384	1405352055384	OK	 
REQUEST	Scenario name	1		request_9	1405352058057	1405352058057	1405352058104	1405352058104	OK	 
REQUEST	Scenario name	1		request_10	1405352058156	1405352058156	1405352058208	1405352058208	OK	 
SCENARIO	Scenario name	1	1405351948905	1405352058209
REQUEST	Scenario name	2		request_9	1405352061706	1405352061706	1405352061798	1405352061798	OK	 
REQUEST	Scenario name	2		request_10	1405352061800	1405352061800	1405352061851	1405352061851	OK	 
SCENARIO	Scenario name	2	1405351953905	1405352061852
